Arguments: 
  /usr/local/bin/node /usr/local/bin/yarn add axios -S

PATH: 
  /usr/local/bin:/usr/bin:/bin:/usr/sbin:/sbin

Yarn version: 
  1.22.0

Node version: 
  12.16.0

Platform: 
  darwin x64

Trace: 
  Error: getaddrinfo ENOTFOUND registry.npm.taobao.org
      at GetAddrInfoReqWrap.onlookup [as oncomplete] (dns.js:64:26)

npm manifest: 
  {
    "name": "study-vue",
    "version": "0.1.0",
    "private": true,
    "scripts": {
      "serve": "vue-cli-service serve",
      "build": "vue-cli-service build",
      "lint": "vue-cli-service lint"
    },
    "dependencies": {
      "core-js": "^3.4.3",
      "element-ui": "^2.4.5",
      "vue": "^2.6.10",
      "vue-class-component": "^7.2.2",
      "vue-property-decorator": "^8.3.0"
    },
    "devDependencies": {
      "@vue/cli-plugin-babel": "^4.1.0",
      "@vue/cli-plugin-eslint": "^4.1.0",
      "@vue/cli-plugin-typescript": "^4.2.3",
      "@vue/cli-service": "^4.1.0",
      "@vue/eslint-config-typescript": "^4.0.0",
      "babel-eslint": "^10.0.3",
      "eslint": "^5.16.0",
      "eslint-plugin-vue": "^5.0.0",
      "typescript": "~3.7.5",
      "vue-cli-plugin-element": "^1.0.1",
      "vue-template-compiler": "^2.6.10"
    },
    "eslintConfig": {
      "root": true,
      "env": {
        "node": true
      },
      "extends": [
        "plugin:vue/essential",
        "eslint:recommended",
        "@vue/typescript"
      ],
      "rules": {
        "vue/no-unused-components": "off",
        "no-console": "off"
      },
      "parserOptions": {
        "parser": "@typescript-eslint/parser"
      }
    },
    "browserslist": [
      "> 1%",
      "last 2 versions"
    ]
  }

yarn manifest: 
  No manifest

Lockfile: 
  No lockfile
